<?xml version="1.0" encoding="UTF-8"?>
<!-- Generated by org.testng.reporters.JUnitReportReporter -->
<testsuite hostname="LAPTOP-DM5KNK8G" failures="0" tests="1" name="Tests.HappyScenarioContactUs" time="11.284" errors="0" timestamp="2025-08-13T18:35:39 EEST" skipped="0">
  <testcase classname="Tests.HappyScenarioContactUs" name="testValidNameAndValidEmail" time="11.284"/>
</testsuite> <!-- Tests.HappyScenarioContactUs -->
