<?xml version="1.0" encoding="UTF-8"?>
<!-- Generated by org.testng.reporters.JUnitReportReporter -->
<testsuite hostname="LAPTOP-DM5KNK8G" failures="0" tests="4" name="Tests.ProducteHappyScenario" time="12.734" errors="0" timestamp="2025-08-13T18:31:31 EEST" skipped="0">
  <testcase classname="Tests.ProducteHappyScenario" name="CheckallFeildAreWorkCorrectly" time="3.617"/>
  <testcase classname="Tests.ProducteHappyScenario" name="CategoryCheck" time="4.569"/>
  <testcase classname="Tests.ProducteHappyScenario" name="checkBrandProducts" time="2.999"/>
  <testcase classname="Tests.ProducteHappyScenario" name="HoverCard" time="1.549"/>
</testsuite> <!-- Tests.ProducteHappyScenario -->
