<?xml version="1.0" encoding="UTF-8"?>
<!-- Generated by org.testng.reporters.JUnitReportReporter -->
<testsuite hostname="LAPTOP-DM5KNK8G" failures="0" tests="1" name="Tests.searchNegativeData" time="3.972" errors="0" timestamp="2025-08-13T18:22:55 EEST" skipped="0">
  <testcase classname="Tests.searchNegativeData" name="searchProduct" time="3.972"/>
</testsuite> <!-- Tests.searchNegativeData -->
