<?xml version="1.0" encoding="UTF-8"?>
<!-- Generated by org.testng.reporters.JUnitReportReporter -->
<testsuite hostname="LAPTOP-DM5KNK8G" failures="0" tests="1" name="Tests.upArrow" time="10.731" errors="0" timestamp="2025-08-13T18:34:37 EEST" skipped="0">
  <testcase classname="Tests.upArrow" name="scrollUpWithArrow" time="10.731"/>
</testsuite> <!-- Tests.upArrow -->
