<?xml version="1.0" encoding="UTF-8"?>
<!-- Generated by org.testng.reporters.JUnitReportReporter -->
<testsuite hostname="LAPTOP-DM5KNK8G" failures="0" tests="1" name="Tests.RemoveProductFromCart" time="8.997" errors="0" timestamp="2025-08-14T01:26:49 EEST" skipped="0">
  <testcase classname="Tests.RemoveProductFromCart" name="RemoveProductFromCart" time="8.997"/>
</testsuite> <!-- Tests.RemoveProductFromCart -->
