<?xml version="1.0" encoding="UTF-8"?>
<!-- Generated by org.testng.reporters.JUnitReportReporter -->
<testsuite hostname="LAPTOP-DM5KNK8G" failures="0" tests="1" name="Tests.logInNegativeData" time="19.890" errors="0" timestamp="2025-08-13T18:22:55 EEST" skipped="0">
  <testcase classname="Tests.logInNegativeData" name="AddProduct" time="19.890"/>
</testsuite> <!-- Tests.logInNegativeData -->
