<?xml version="1.0" encoding="UTF-8"?>
<!-- Generated by org.testng.reporters.JUnitReportReporter -->
<testsuite hostname="LAPTOP-DM5KNK8G" failures="0" tests="1" name="Tests.TextCase_API" time="1.941" errors="0" timestamp="2025-08-13T18:12:27 EEST" skipped="0">
  <testcase classname="Tests.TextCase_API" name="TextCase_API" time="1.941"/>
</testsuite> <!-- Tests.TextCase_API -->
