<?xml version="1.0" encoding="UTF-8"?>
<!-- Generated by org.testng.reporters.JUnitReportReporter -->
<testsuite hostname="LAPTOP-DM5KNK8G" failures="0" tests="1" name="Tests.QuantityNegative" time="5.998" errors="0" timestamp="2025-08-13T18:22:55 EEST" skipped="0">
  <testcase classname="Tests.QuantityNegative" name="QuantityValidValue" time="5.998"/>
</testsuite> <!-- Tests.QuantityNegative -->
