<?xml version="1.0" encoding="UTF-8"?>
<!-- Generated by org.testng.reporters.JUnitReportReporter -->
<testsuite hostname="LAPTOP-DM5KNK8G" failures="0" tests="1" name="Tests.searchPoitiveData" time="3.195" errors="0" timestamp="2025-08-13T18:31:31 EEST" skipped="0">
  <testcase classname="Tests.searchPoitiveData" name="searchProduct" time="3.195"/>
</testsuite> <!-- Tests.searchPoitiveData -->
