<?xml version="1.0" encoding="UTF-8"?>
<!-- Generated by org.testng.reporters.JUnitReportReporter -->
<testsuite hostname="LAPTOP-DM5KNK8G" failures="0" tests="1" name="Tests.ReviewNegative" time="3.321" errors="0" timestamp="2025-08-13T18:22:55 EEST" skipped="0">
  <testcase classname="Tests.ReviewNegative" name="reviewCheck" time="3.321"/>
</testsuite> <!-- Tests.ReviewNegative -->
