<?xml version="1.0" encoding="UTF-8"?>
<!-- Generated by org.testng.reporters.JUnitReportReporter -->
<testsuite hostname="LAPTOP-DM5KNK8G" failures="0" tests="1" name="Tests.Downloadinvoice" time="23.006" errors="0" timestamp="2025-08-14T01:26:49 EEST" skipped="0">
  <testcase classname="Tests.Downloadinvoice" name="Downloadinvoice" time="23.006"/>
</testsuite> <!-- Tests.Downloadinvoice -->
