<?xml version="1.0" encoding="UTF-8"?>
<!-- Generated by org.testng.reporters.JUnitReportReporter -->
<testsuite hostname="LAPTOP-DM5KNK8G" failures="0" tests="1" name="Tests.RegisterAndCreatAndDeletAccount" time="12.117" errors="0" timestamp="2025-08-13T18:34:37 EEST" skipped="0">
  <testcase classname="Tests.RegisterAndCreatAndDeletAccount" name="CreateAccount" time="12.117"/>
</testsuite> <!-- Tests.RegisterAndCreatAndDeletAccount -->
