<?xml version="1.0" encoding="UTF-8"?>
<!-- Generated by org.testng.reporters.JUnitReportReporter -->
<testsuite hostname="LAPTOP-DM5KNK8G" failures="0" tests="2" name="Tests.login" time="4.619" errors="0" timestamp="2025-08-13T18:12:27 EEST" skipped="0">
  <testcase classname="Tests.login" name="loginValid" time="2.453"/>
  <testcase classname="Tests.login" name="loginInValid" time="2.166"/>
</testsuite> <!-- Tests.login -->
