<?xml version="1.0" encoding="UTF-8"?>
<!-- Generated by org.testng.reporters.JUnitReportReporter -->
<testsuite hostname="LAPTOP-DM5KNK8G" failures="0" tests="2" name="Tests.subscription" time="1.858" errors="0" timestamp="2025-08-13T21:45:33 EEST" skipped="0">
  <testcase classname="Tests.subscription" name="subscriptionInHome" time="0.529"/>
  <testcase classname="Tests.subscription" name="subscriptionInCart" time="1.329"/>
</testsuite> <!-- Tests.subscription -->
