<?xml version="1.0" encoding="UTF-8"?>
<!-- Generated by org.testng.reporters.JUnitReportReporter -->
<testsuite hostname="LAPTOP-DM5KNK8G" failures="0" tests="1" name="Tests.Registerbeforecheckout" time="24.518" errors="0" timestamp="2025-08-14T01:26:49 EEST" skipped="0">
  <testcase classname="Tests.Registerbeforecheckout" name="testPlaceOrderRegisterBeforeeCheckout" time="24.518"/>
</testsuite> <!-- Tests.Registerbeforecheckout -->
